<?xml version="1.0" encoding="UTF-8"?>
<testng-results skipped="0" failed="0" ignored="0" total="5" passed="5">
  <reporter-output>
  </reporter-output>
  <suite name="Default suite" duration-ms="3064" started-at="2017-10-10T03:08:24Z" finished-at="2017-10-10T03:08:27Z">
    <groups>
    </groups>
    <test name="Default test" duration-ms="3064" started-at="2017-10-10T03:08:24Z" finished-at="2017-10-10T03:08:27Z">
      <class name="texch_x.Tech_x_testNG">
        <test-method status="PASS" signature="beforeClass()[pri:0, instance:texch_x.Tech_x_testNG@32d992b2]" name="beforeClass" is-config="true" duration-ms="2058" started-at="2017-10-10T08:38:24Z" finished-at="2017-10-10T08:38:26Z">
          <reporter-output>
          </reporter-output>
        </test-method> <!-- beforeClass -->
        <test-method status="PASS" signature="beforeMethod()[pri:0, instance:texch_x.Tech_x_testNG@32d992b2]" name="beforeMethod" is-config="true" duration-ms="0" started-at="2017-10-10T08:38:26Z" finished-at="2017-10-10T08:38:26Z">
          <reporter-output>
          </reporter-output>
        </test-method> <!-- beforeMethod -->
        <test-method status="PASS" signature="OpenBrowser()[pri:0, instance:texch_x.Tech_x_testNG@32d992b2]" name="OpenBrowser" duration-ms="6" started-at="2017-10-10T08:38:26Z" finished-at="2017-10-10T08:38:26Z">
          <reporter-output>
          </reporter-output>
        </test-method> <!-- OpenBrowser -->
        <test-method status="PASS" signature="afterMethod()[pri:0, instance:texch_x.Tech_x_testNG@32d992b2]" name="afterMethod" is-config="true" duration-ms="1" started-at="2017-10-10T08:38:26Z" finished-at="2017-10-10T08:38:26Z">
          <reporter-output>
          </reporter-output>
        </test-method> <!-- afterMethod -->
        <test-method status="PASS" signature="beforeMethod()[pri:0, instance:texch_x.Tech_x_testNG@32d992b2]" name="beforeMethod" is-config="true" duration-ms="1" started-at="2017-10-10T08:38:26Z" finished-at="2017-10-10T08:38:26Z">
          <reporter-output>
          </reporter-output>
        </test-method> <!-- beforeMethod -->
        <test-method status="PASS" signature="SignIn()[pri:0, instance:texch_x.Tech_x_testNG@32d992b2]" name="SignIn" duration-ms="1" started-at="2017-10-10T08:38:26Z" depends-on-methods="texch_x.Tech_x_testNG.OpenBrowser" finished-at="2017-10-10T08:38:26Z">
          <reporter-output>
          </reporter-output>
        </test-method> <!-- SignIn -->
        <test-method status="PASS" signature="afterMethod()[pri:0, instance:texch_x.Tech_x_testNG@32d992b2]" name="afterMethod" is-config="true" duration-ms="0" started-at="2017-10-10T08:38:26Z" finished-at="2017-10-10T08:38:26Z">
          <reporter-output>
          </reporter-output>
        </test-method> <!-- afterMethod -->
        <test-method status="PASS" signature="beforeMethod()[pri:0, instance:texch_x.Tech_x_testNG@32d992b2]" name="beforeMethod" is-config="true" duration-ms="0" started-at="2017-10-10T08:38:26Z" finished-at="2017-10-10T08:38:26Z">
          <reporter-output>
          </reporter-output>
        </test-method> <!-- beforeMethod -->
        <test-method status="PASS" signature="f1()[pri:1, instance:texch_x.Tech_x_testNG@32d992b2]" name="f1" duration-ms="340" started-at="2017-10-10T08:38:26Z" finished-at="2017-10-10T08:38:26Z">
          <reporter-output>
          </reporter-output>
        </test-method> <!-- f1 -->
        <test-method status="PASS" signature="afterMethod()[pri:0, instance:texch_x.Tech_x_testNG@32d992b2]" name="afterMethod" is-config="true" duration-ms="0" started-at="2017-10-10T08:38:26Z" finished-at="2017-10-10T08:38:26Z">
          <reporter-output>
          </reporter-output>
        </test-method> <!-- afterMethod -->
        <test-method status="PASS" signature="beforeMethod()[pri:0, instance:texch_x.Tech_x_testNG@32d992b2]" name="beforeMethod" is-config="true" duration-ms="0" started-at="2017-10-10T08:38:26Z" finished-at="2017-10-10T08:38:26Z">
          <reporter-output>
          </reporter-output>
        </test-method> <!-- beforeMethod -->
        <test-method status="PASS" signature="f2()[pri:2, instance:texch_x.Tech_x_testNG@32d992b2]" name="f2" duration-ms="603" started-at="2017-10-10T08:38:26Z" finished-at="2017-10-10T08:38:27Z">
          <reporter-output>
          </reporter-output>
        </test-method> <!-- f2 -->
        <test-method status="PASS" signature="afterMethod()[pri:0, instance:texch_x.Tech_x_testNG@32d992b2]" name="afterMethod" is-config="true" duration-ms="1" started-at="2017-10-10T08:38:27Z" finished-at="2017-10-10T08:38:27Z">
          <reporter-output>
          </reporter-output>
        </test-method> <!-- afterMethod -->
        <test-method status="PASS" signature="beforeMethod()[pri:0, instance:texch_x.Tech_x_testNG@32d992b2]" name="beforeMethod" is-config="true" duration-ms="0" started-at="2017-10-10T08:38:27Z" finished-at="2017-10-10T08:38:27Z">
          <reporter-output>
          </reporter-output>
        </test-method> <!-- beforeMethod -->
        <test-method status="PASS" signature="f3()[pri:3, instance:texch_x.Tech_x_testNG@32d992b2]" name="f3" duration-ms="2" started-at="2017-10-10T08:38:27Z" finished-at="2017-10-10T08:38:27Z">
          <reporter-output>
          </reporter-output>
        </test-method> <!-- f3 -->
        <test-method status="PASS" signature="afterMethod()[pri:0, instance:texch_x.Tech_x_testNG@32d992b2]" name="afterMethod" is-config="true" duration-ms="0" started-at="2017-10-10T08:38:27Z" finished-at="2017-10-10T08:38:27Z">
          <reporter-output>
          </reporter-output>
        </test-method> <!-- afterMethod -->
      </class> <!-- texch_x.Tech_x_testNG -->
    </test> <!-- Default test -->
  </suite> <!-- Default suite -->
</testng-results>
