<?xml version="1.0" encoding="UTF-8"?>
<!-- Generated by org.testng.reporters.JUnitXMLReporter -->
<testsuite hostname="chirag" ignored="0" name="Default test" tests="5" failures="0" timestamp="10 Oct 2017 03:08:27 GMT" time="3.064" errors="0">
  <testcase name="OpenBrowser" time="0.006" classname="texch_x.Tech_x_testNG"/>
  <testcase name="SignIn" time="0.001" classname="texch_x.Tech_x_testNG"/>
  <testcase name="f1" time="0.34" classname="texch_x.Tech_x_testNG"/>
  <testcase name="f2" time="0.603" classname="texch_x.Tech_x_testNG"/>
  <testcase name="f3" time="0.002" classname="texch_x.Tech_x_testNG"/>
</testsuite> <!-- Default test -->
