<?xml version="1.0" encoding="UTF-8"?>
<!-- Generated by org.testng.reporters.JUnitXMLReporter -->
<testsuite hostname="chirag" ignored="0" name="Test" tests="5" failures="1" timestamp="10 Oct 2017 02:57:48 GMT" time="5.028" errors="0">
  <testcase name="OpenBrowser" time="0.007" classname="texch_x.Tech_x_testNG"/>
  <testcase name="SignIn" time="0.002" classname="texch_x.Tech_x_testNG"/>
  <testcase name="f1" time="0.375" classname="texch_x.Tech_x_testNG"/>
  <testcase name="f2" time="2.296" classname="texch_x.Tech_x_testNG">
    <failure type="java.lang.NullPointerException">
      <![CDATA[java.lang.NullPointerException
	at texch_x.Tech_x_testNG.f2(Tech_x_testNG.java:47)
... Removed 25 stack frames]]>
    </failure>
  </testcase> <!-- f2 -->
  <testcase name="f3" time="0.001" classname="texch_x.Tech_x_testNG"/>
</testsuite> <!-- Test -->
